This is pdfTeX, Version 3.1415926-1.40.10 (TeX Live 2009/Debian) (format=pdflatex 2013.2.17)  19 FEB 2013 13:34
entering extended mode
 %&-line parsing enabled.
**\input pysoundanalyser_manual.tex
(./pysoundanalyser_manual.tex
(/usr/share/texmf-texlive/tex/latex/base/report.cls
Document Class: report 2007/10/19 v1.4h Standard LaTeX document class
(/usr/share/texmf-texlive/tex/latex/base/size12.clo
File: size12.clo 2007/10/19 v1.4h Standard LaTeX file (size option)
)
\c@part=\count79
\c@chapter=\count80
\c@section=\count81
\c@subsection=\count82
\c@subsubsection=\count83
\c@paragraph=\count84
\c@subparagraph=\count85
\c@figure=\count86
\c@table=\count87
\abovecaptionskip=\skip41
\belowcaptionskip=\skip42
\bibindent=\dimen102
)
(/usr/share/texmf-texlive/tex/latex/graphics/graphicx.sty
Package: graphicx 1999/02/16 v1.0f Enhanced LaTeX Graphics (DPC,SPQR)

(/usr/share/texmf-texlive/tex/latex/graphics/keyval.sty
Package: keyval 1999/03/16 v1.13 key=value parser (DPC)
\KV@toks@=\toks14
)
(/usr/share/texmf-texlive/tex/latex/graphics/graphics.sty
Package: graphics 2009/02/05 v1.0o Standard LaTeX Graphics (DPC,SPQR)

(/usr/share/texmf-texlive/tex/latex/graphics/trig.sty
Package: trig 1999/03/16 v1.09 sin cos tan (DPC)
)
(/etc/texmf/tex/latex/config/graphics.cfg
File: graphics.cfg 2009/08/28 v1.8 graphics configuration of TeX Live
)
Package graphics Info: Driver file: pdftex.def on input line 91.

(/usr/share/texmf-texlive/tex/latex/pdftex-def/pdftex.def
File: pdftex.def 2010/03/12 v0.04p Graphics/color for pdfTeX
\Gread@gobject=\count88
))
\Gin@req@height=\dimen103
\Gin@req@width=\dimen104
)
(/usr/share/texmf-texlive/tex/latex/psnfss/mathpazo.sty
Package: mathpazo 2005/04/12 PSNFSS-v9.2a Palatino w/ Pazo Math (D.Puga, WaS) 
\symupright=\mathgroup4
)
(/usr/share/texmf-texlive/tex/latex/tools/bm.sty
Package: bm 2004/02/26 v1.1c Bold Symbol Support (DPC/FMi)
\symboldoperators=\mathgroup5
\symboldletters=\mathgroup6
\symboldsymbols=\mathgroup7
\symboldupright=\mathgroup8
LaTeX Font Info:    Redeclaring math alphabet \mathbf on input line 138.
LaTeX Info: Redefining \bm on input line 204.
)
(/usr/share/texmf-texlive/tex/latex/tools/afterpage.sty
Package: afterpage 1995/10/27 v1.08 After-Page Package (DPC)
\AP@output=\toks15
\AP@partial=\box26
\AP@footins=\box27
)
(/usr/share/texmf-texlive/tex/latex/booktabs/booktabs.sty
Package: booktabs 2005/04/14 v1.61803 publication quality tables
\heavyrulewidth=\dimen105
\lightrulewidth=\dimen106
\cmidrulewidth=\dimen107
\belowrulesep=\dimen108
\belowbottomsep=\dimen109
\aboverulesep=\dimen110
\abovetopsep=\dimen111
\cmidrulesep=\dimen112
\cmidrulekern=\dimen113
\defaultaddspace=\dimen114
\@cmidla=\count89
\@cmidlb=\count90
\@aboverulesep=\dimen115
\@belowrulesep=\dimen116
\@thisruleclass=\count91
\@lastruleclass=\count92
\@thisrulewidth=\dimen117
)
(/usr/share/texmf-texlive/tex/latex/tools/longtable.sty
Package: longtable 2004/02/01 v4.11 Multi-page Table package (DPC)
\LTleft=\skip43
\LTright=\skip44
\LTpre=\skip45
\LTpost=\skip46
\LTchunksize=\count93
\LTcapwidth=\dimen118
\LT@head=\box28
\LT@firsthead=\box29
\LT@foot=\box30
\LT@lastfoot=\box31
\LT@cols=\count94
\LT@rows=\count95
\c@LT@tables=\count96
\c@LT@chunks=\count97
\LT@p@ftn=\toks16
)
(/usr/share/texmf-texlive/tex/latex/tools/multicol.sty
Package: multicol 2008/12/05 v1.6h multicolumn formatting (FMi)
\c@tracingmulticols=\count98
\mult@box=\box32
\multicol@leftmargin=\dimen119
\c@unbalance=\count99
\c@collectmore=\count100
\doublecol@number=\count101
\multicoltolerance=\count102
\multicolpretolerance=\count103
\full@width=\dimen120
\page@free=\dimen121
\premulticols=\dimen122
\postmulticols=\dimen123
\multicolsep=\skip47
\multicolbaselineskip=\skip48
\partial@page=\box33
\last@line=\box34
\mult@rightbox=\box35
\mult@grightbox=\box36
\mult@gfirstbox=\box37
\mult@firstbox=\box38
\@tempa=\box39
\@tempa=\box40
\@tempa=\box41
\@tempa=\box42
\@tempa=\box43
\@tempa=\box44
\@tempa=\box45
\@tempa=\box46
\@tempa=\box47
\@tempa=\box48
\@tempa=\box49
\@tempa=\box50
\@tempa=\box51
\@tempa=\box52
\@tempa=\box53
\@tempa=\box54
\@tempa=\box55
\c@columnbadness=\count104
\c@finalcolumnbadness=\count105
\last@try=\dimen124
\multicolovershoot=\dimen125
\multicolundershoot=\dimen126
\mult@nat@firstbox=\box56
\colbreak@box=\box57
)
(/usr/share/texmf-texlive/tex/latex/fancyvrb/fancyvrb.sty
Package: fancyvrb 2008/02/07

Style option: `fancyvrb' v2.7a, with DG/SPQR fixes, and firstline=lastline fix 
<2008/02/07> (tvz)
\FV@CodeLineNo=\count106
\FV@InFile=\read1
\FV@TabBox=\box58
\c@FancyVerbLine=\count107
\FV@StepNumber=\count108
\FV@OutFile=\write3
) (/usr/share/texmf-texlive/tex/latex/caption/caption.sty
Package: caption 2009/10/09 v3.1k Customizing captions (AR)

(/usr/share/texmf-texlive/tex/latex/caption/caption3.sty
Package: caption3 2009/10/09 v3.1k caption3 kernel (AR)
\captionmargin=\dimen127
\captionmargin@=\dimen128
\captionwidth=\dimen129
\caption@indent=\dimen130
\caption@parindent=\dimen131
\caption@hangindent=\dimen132
)
\c@ContinuedFloat=\count109
Package caption Info: longtable package is loaded.

(/usr/share/texmf-texlive/tex/latex/caption/ltcaption.sty
Package: ltcaption 2008/03/28 v1.2 longtable captions (AR)
))
(/usr/share/texmf-texlive/tex/latex/base/makeidx.sty
Package: makeidx 2000/03/29 v1.0m Standard LaTeX package
)
(/usr/share/texmf-texlive/tex/latex/wrapfig/wrapfig.sty
\wrapoverhang=\dimen133
\WF@size=\dimen134
\c@WF@wrappedlines=\count110
\WF@box=\box59
\WF@everypar=\toks17
Package: wrapfig 2003/01/31  v 3.6
)
\@indexfile=\write4
\openout4 = `pysoundanalyser_manual.idx'.


Writing index file pysoundanalyser_manual.idx
(/usr/share/texmf-texlive/tex/latex/hyperref/hyperref.sty
Package: hyperref 2009/10/09 v6.79a Hypertext links for LaTeX

(/usr/share/texmf-texlive/tex/generic/oberdiek/ifpdf.sty
Package: ifpdf 2009/04/10 v2.0 Provides the ifpdf switch (HO)
Package ifpdf Info: pdfTeX in pdf mode detected.
)
(/usr/share/texmf-texlive/tex/generic/oberdiek/ifvtex.sty
Package: ifvtex 2008/11/04 v1.4 Switches for detecting VTeX and its modes (HO)
Package ifvtex Info: VTeX not detected.
)
(/usr/share/texmf-texlive/tex/generic/ifxetex/ifxetex.sty
Package: ifxetex 2009/01/23 v0.5 Provides ifxetex conditional
)
(/usr/share/texmf-texlive/tex/latex/oberdiek/hycolor.sty
Package: hycolor 2009/10/02 v1.5 Code for color options of hyperref/bookmark (H
O)

(/usr/share/texmf-texlive/tex/latex/oberdiek/xcolor-patch.sty
Package: xcolor-patch 2009/10/02 xcolor patch
))
\@linkdim=\dimen135
\Hy@linkcounter=\count111
\Hy@pagecounter=\count112

(/usr/share/texmf-texlive/tex/latex/hyperref/pd1enc.def
File: pd1enc.def 2009/10/09 v6.79a Hyperref: PDFDocEncoding definition (HO)
)
(/usr/share/texmf-texlive/tex/generic/oberdiek/etexcmds.sty
Package: etexcmds 2007/12/12 v1.2 Prefix for e-TeX command names (HO)

(/usr/share/texmf-texlive/tex/generic/oberdiek/infwarerr.sty
Package: infwarerr 2007/09/09 v1.2 Providing info/warning/message (HO)
)
Package etexcmds Info: Could not find \expanded.
(etexcmds)             That can mean that you are not using pdfTeX 1.50 or
(etexcmds)             that some package has redefined \expanded.
(etexcmds)             In the latter case, load this package earlier.
)
(/usr/share/texmf-texlive/tex/latex/latexconfig/hyperref.cfg
File: hyperref.cfg 2002/06/06 v1.2 hyperref configuration of TeXLive
)
(/usr/share/texmf-texlive/tex/latex/oberdiek/kvoptions.sty
Package: kvoptions 2009/08/13 v3.4 Keyval support for LaTeX options (HO)

(/usr/share/texmf-texlive/tex/generic/oberdiek/kvsetkeys.sty
Package: kvsetkeys 2009/07/30 v1.5 Key value parser with default handler suppor
t (HO)
))
Package hyperref Info: Option `hyperindex' set `true' on input line 2864.
Package hyperref Info: Option `bookmarks' set `true' on input line 2864.
Package hyperref Info: Option `bookmarksnumbered' set `true' on input line 2864
.
Package hyperref Info: Option `breaklinks' set `true' on input line 2864.
Package hyperref Info: Hyper figures OFF on input line 2975.
Package hyperref Info: Link nesting OFF on input line 2980.
Package hyperref Info: Hyper index ON on input line 2983.
Package hyperref Info: Plain pages OFF on input line 2990.
Package hyperref Info: Backreferencing OFF on input line 2995.

Implicit mode ON; LaTeX internals redefined
Package hyperref Info: Bookmarks ON on input line 3191.
(/usr/share/texmf-texlive/tex/latex/ltxmisc/url.sty
\Urlmuskip=\muskip10
Package: url 2006/04/12  ver 3.3  Verb mode for urls, etc.
)
LaTeX Info: Redefining \url on input line 3428.

(/usr/share/texmf-texlive/tex/generic/oberdiek/bitset.sty
Package: bitset 2007/09/28 v1.0 Data type bit set (HO)

(/usr/share/texmf-texlive/tex/generic/oberdiek/intcalc.sty
Package: intcalc 2007/09/27 v1.1 Expandable integer calculations (HO)
)
(/usr/share/texmf-texlive/tex/generic/oberdiek/bigintcalc.sty
Package: bigintcalc 2007/11/11 v1.1 Expandable big integer calculations (HO)

(/usr/share/texmf-texlive/tex/generic/oberdiek/pdftexcmds.sty
Package: pdftexcmds 2009/09/23 v0.6 LuaTeX support for pdfTeX utility functions
 (HO)

(/usr/share/texmf-texlive/tex/generic/oberdiek/ifluatex.sty
Package: ifluatex 2009/04/17 v1.2 Provides the ifluatex switch (HO)
Package ifluatex Info: LuaTeX not detected.
)
(/usr/share/texmf-texlive/tex/generic/oberdiek/ltxcmds.sty
Package: ltxcmds 2009/08/05 v1.0 Some LaTeX kernel commands for general use (HO
)
)
Package pdftexcmds Info: LuaTeX not detected.
Package pdftexcmds Info: \pdf@primitive is available.
Package pdftexcmds Info: \pdf@ifprimitive is available.
)))
\Fld@menulength=\count113
\Field@Width=\dimen136
\Fld@charsize=\dimen137
\Field@toks=\toks18
Package hyperref Info: Hyper figures OFF on input line 4377.
Package hyperref Info: Link nesting OFF on input line 4382.
Package hyperref Info: Hyper index ON on input line 4385.
Package hyperref Info: backreferencing OFF on input line 4392.
Package hyperref Info: Link coloring OFF on input line 4397.
Package hyperref Info: Link coloring with OCG OFF on input line 4402.
Package hyperref Info: PDF/A mode OFF on input line 4407.

(/usr/share/texmf-texlive/tex/generic/oberdiek/atbegshi.sty
Package: atbegshi 2008/07/31 v1.9 At begin shipout hook (HO)
)
\Hy@abspage=\count114
\c@Item=\count115
\c@Hfootnote=\count116
)
*hyperref using default driver hpdftex*
(/usr/share/texmf-texlive/tex/latex/hyperref/hpdftex.def
File: hpdftex.def 2009/10/09 v6.79a Hyperref driver for pdfTeX
\Fld@listcount=\count117
)
Package hyperref Info: Option `colorlinks' set `true' on input line 40.

(./pysoundanalyser_manual.aux (./titlepage.aux) (./intro.aux)
(./user_interface.aux))
\openout1 = `pysoundanalyser_manual.aux'.

LaTeX Font Info:    Checking defaults for OML/cmm/m/it on input line 44.
LaTeX Font Info:    ... okay on input line 44.
LaTeX Font Info:    Checking defaults for T1/cmr/m/n on input line 44.
LaTeX Font Info:    ... okay on input line 44.
LaTeX Font Info:    Checking defaults for OT1/cmr/m/n on input line 44.
LaTeX Font Info:    ... okay on input line 44.
LaTeX Font Info:    Checking defaults for OMS/cmsy/m/n on input line 44.
LaTeX Font Info:    ... okay on input line 44.
LaTeX Font Info:    Checking defaults for OMX/cmex/m/n on input line 44.
LaTeX Font Info:    ... okay on input line 44.
LaTeX Font Info:    Checking defaults for U/cmr/m/n on input line 44.
LaTeX Font Info:    ... okay on input line 44.
LaTeX Font Info:    Checking defaults for PD1/pdf/m/n on input line 44.
LaTeX Font Info:    ... okay on input line 44.
LaTeX Font Info:    Try loading font information for OT1+ppl on input line 44.
 (/usr/share/texmf-texlive/tex/latex/psnfss/ot1ppl.fd
File: ot1ppl.fd 2001/06/04 font definitions for OT1/ppl.
)
(/usr/share/texmf-texlive/tex/context/base/supp-pdf.mkii
[Loading MPS to PDF converter (version 2006.09.02).]
\scratchcounter=\count118
\scratchdimen=\dimen138
\scratchbox=\box60
\nofMPsegments=\count119
\nofMParguments=\count120
\everyMPshowfont=\toks19
\MPscratchCnt=\count121
\MPscratchDim=\dimen139
\MPnumerator=\count122
\everyMPtoPDFconversion=\toks20
)
\big@size=\dimen140
Package caption Info: Begin \AtBeginDocument code.
Package caption Info: hyperref package is loaded.
Package caption Info: wrapfig package is loaded.
Package caption Info: End \AtBeginDocument code.
 (/usr/share/texmf-texlive/tex/latex/graphics/color.sty
Package: color 2005/11/14 v1.0j Standard LaTeX Color (DPC)

(/etc/texmf/tex/latex/config/color.cfg
File: color.cfg 2007/01/18 v1.5 color configuration of teTeX/TeXLive
)
Package color Info: Driver file: pdftex.def on input line 130.
)
Package hyperref Info: Link coloring ON on input line 44.

(/usr/share/texmf-texlive/tex/latex/hyperref/nameref.sty
Package: nameref 2007/05/29 v2.31 Cross-referencing by name of section

(/usr/share/texmf-texlive/tex/latex/oberdiek/refcount.sty
Package: refcount 2008/08/11 v3.1 Data extraction from references (HO)
)
\c@section@level=\count123
)
LaTeX Info: Redefining \ref on input line 44.
LaTeX Info: Redefining \pageref on input line 44.

(./pysoundanalyser_manual.out) (./pysoundanalyser_manual.out)
\@outlinefile=\write5
\openout5 = `pysoundanalyser_manual.out'.

\AtBeginShipoutBox=\box61
\openout2 = `titlepage.aux'.

 (./titlepage.tex
Underfull \hbox (badness 10000) in paragraph at lines 6--7

 []

[1


{/var/lib/texmf/fonts/map/pdftex/updmap/pdftex.map}]
LaTeX Font Info:    Try loading font information for OMS+ppl on input line 24.

(/usr/share/texmf-texlive/tex/latex/psnfss/omsppl.fd
File: omsppl.fd 
)
LaTeX Font Info:    Font shape `OMS/ppl/m/n' in size <12> not available
(Font)              Font shape `OMS/cmsy/m/n' tried instead on input line 24.
LaTeX Font Info:    Font shape `OT1/ppl/bx/n' in size <12> not available
(Font)              Font shape `OT1/ppl/b/n' tried instead on input line 32.
)pdfTeX warning (ext4): destination with the same identifier (name{page.}) has 
been already used, duplicate ignored
<to be read again> 
                   \relax 
l.45 \include{titlepage}
                         [1

]
LaTeX Font Info:    Font shape `OT1/ppl/bx/n' in size <24.88> not available
(Font)              Font shape `OT1/ppl/b/n' tried instead on input line 58.
 (./pysoundanalyser_manual.toc)
\tf@toc=\write6
\openout6 = `pysoundanalyser_manual.toc'.

 [1


]
\openout2 = `intro.aux'.

 (./intro.tex
Chapter 1.
) [1



]
\openout2 = `user_interface.aux'.

 (./user_interface.tex
Chapter 2.
[2



]) [3]

Package caption Warning: Unused \captionsetup[table] on input line 20.
See the caption package documentation for explanation.


Package caption Warning: Unused \captionsetup[figure] on input line 21.
See the caption package documentation for explanation.

(./pysoundanalyser_manual.aux (./titlepage.aux) (./intro.aux)
(./user_interface.aux)) ) 
Here is how much of TeX's memory you used:
 6021 strings out of 495001
 90693 string characters out of 1180440
 164511 words of memory out of 3000000
 9101 multiletter control sequences out of 15000+50000
 10780 words of font info for 29 fonts, out of 3000000 for 9000
 36 hyphenation exceptions out of 8191
 38i,5n,38p,630b,412s stack positions out of 5000i,500n,10000p,200000b,50000s
{/usr/share/texmf-texlive/fonts/enc/dvips/base/8r.enc}
</usr/share/texmf-texlive/fonts/type1/public/amsfonts/cm/cmsy10.pfb></usr/share
/texmf-texlive/fonts/type1/public/amsfonts/cm/cmtt12.pfb></usr/share/texmf-texl
ive/fonts/type1/urw/palatino/uplb8a.pfb></usr/share/texmf-texlive/fonts/type1/u
rw/palatino/uplr8a.pfb>
Output written on pysoundanalyser_manual.pdf (6 pages, 63703 bytes).
PDF statistics:
 65 PDF objects out of 1000 (max. 8388607)
 12 named destinations out of 1000 (max. 500000)
 17 words of extra memory for PDF output out of 10000 (max. 10000000)

